<?xml version="1.0" encoding="UTF-8"?>
<coverage generated="1756255350891" clover="3.2.0">
  <project timestamp="1756255350891" name="All files">
    <metrics statements="78" coveredstatements="71" conditionals="14" coveredconditionals="12" methods="10" coveredmethods="9" elements="102" coveredelements="92" complexity="0" loc="78" ncloc="78" packages="3" files="5" classes="5"/>
    <package name="src">
      <metrics statements="50" coveredstatements="43" conditionals="4" coveredconditionals="2" methods="3" coveredmethods="2"/>
      <file name="FirstStepApp.tsx" path="/Users/adansantana/Desktop/React/02-FIRST-STEPS/src/FirstStepApp.tsx">
        <metrics statements="22" coveredstatements="22" conditionals="1" coveredconditionals="1" methods="1" coveredmethods="1"/>
        <line num="1" count="1" type="stmt"/>
        <line num="7" count="1" type="stmt"/>
        <line num="8" count="1" type="stmt"/>
        <line num="9" count="1" type="stmt"/>
        <line num="10" count="1" type="stmt"/>
        <line num="11" count="1" type="stmt"/>
        <line num="12" count="1" type="stmt"/>
        <line num="13" count="1" type="stmt"/>
        <line num="14" count="1" type="stmt"/>
        <line num="15" count="1" type="stmt"/>
        <line num="16" count="1" type="stmt"/>
        <line num="17" count="1" type="stmt"/>
        <line num="18" count="1" type="stmt"/>
        <line num="19" count="1" type="stmt"/>
        <line num="20" count="1" type="stmt"/>
        <line num="22" count="1" type="cond" truecount="1" falsecount="0"/>
        <line num="23" count="3" type="stmt"/>
        <line num="24" count="3" type="stmt"/>
        <line num="25" count="3" type="stmt"/>
        <line num="26" count="3" type="stmt"/>
        <line num="27" count="3" type="stmt"/>
        <line num="32" count="3" type="stmt"/>
      </file>
      <file name="MyAwesomeApp.tsx" path="/Users/adansantana/Desktop/React/02-FIRST-STEPS/src/MyAwesomeApp.tsx">
        <metrics statements="21" coveredstatements="21" conditionals="2" coveredconditionals="1" methods="1" coveredmethods="1"/>
        <line num="3" count="1" type="stmt"/>
        <line num="4" count="1" type="stmt"/>
        <line num="5" count="1" type="stmt"/>
        <line num="6" count="1" type="stmt"/>
        <line num="7" count="1" type="stmt"/>
        <line num="8" count="1" type="stmt"/>
        <line num="9" count="1" type="stmt"/>
        <line num="10" count="1" type="stmt"/>
        <line num="12" count="1" type="stmt"/>
        <line num="13" count="1" type="stmt"/>
        <line num="14" count="1" type="stmt"/>
        <line num="15" count="1" type="stmt"/>
        <line num="17" count="1" type="cond" truecount="1" falsecount="0"/>
        <line num="19" count="3" type="stmt"/>
        <line num="20" count="3" type="stmt"/>
        <line num="21" count="3" type="stmt"/>
        <line num="22" count="3" type="stmt"/>
        <line num="23" count="3" type="cond" truecount="0" falsecount="1"/>
        <line num="24" count="3" type="stmt"/>
        <line num="25" count="3" type="stmt"/>
        <line num="28" count="3" type="stmt"/>
      </file>
      <file name="main.tsx" path="/Users/adansantana/Desktop/React/02-FIRST-STEPS/src/main.tsx">
        <metrics statements="7" coveredstatements="0" conditionals="1" coveredconditionals="0" methods="1" coveredmethods="0"/>
        <line num="1" count="0" type="cond" truecount="0" falsecount="1"/>
        <line num="2" count="0" type="stmt"/>
        <line num="3" count="0" type="stmt"/>
        <line num="4" count="0" type="stmt"/>
        <line num="7" count="0" type="stmt"/>
        <line num="8" count="0" type="stmt"/>
        <line num="9" count="0" type="stmt"/>
      </file>
    </package>
    <package name="src.helper">
      <metrics statements="4" coveredstatements="4" conditionals="4" coveredconditionals="4" methods="4" coveredmethods="4"/>
      <file name="math.helper.ts" path="/Users/adansantana/Desktop/React/02-FIRST-STEPS/src/helper/math.helper.ts">
        <metrics statements="4" coveredstatements="4" conditionals="4" coveredconditionals="4" methods="4" coveredmethods="4"/>
        <line num="2" count="1" type="cond" truecount="1" falsecount="0"/>
        <line num="4" count="1" type="cond" truecount="1" falsecount="0"/>
        <line num="6" count="1" type="cond" truecount="1" falsecount="0"/>
        <line num="8" count="1" type="cond" truecount="1" falsecount="0"/>
      </file>
    </package>
    <package name="src.shopping-cart">
      <metrics statements="24" coveredstatements="24" conditionals="6" coveredconditionals="6" methods="3" coveredmethods="3"/>
      <file name="ItemCounter.tsx" path="/Users/adansantana/Desktop/React/02-FIRST-STEPS/src/shopping-cart/ItemCounter.tsx">
        <metrics statements="24" coveredstatements="24" conditionals="6" coveredconditionals="6" methods="3" coveredmethods="3"/>
        <line num="1" count="1" type="stmt"/>
        <line num="7" count="1" type="cond" truecount="1" falsecount="0"/>
        <line num="8" count="9" type="stmt"/>
        <line num="10" count="9" type="cond" truecount="1" falsecount="0"/>
        <line num="11" count="1" type="stmt"/>
        <line num="12" count="1" type="stmt"/>
        <line num="14" count="9" type="cond" truecount="1" falsecount="0"/>
        <line num="15" count="2" type="cond" truecount="1" falsecount="0"/>
        <line num="17" count="1" type="stmt"/>
        <line num="18" count="1" type="stmt"/>
        <line num="19" count="9" type="stmt"/>
        <line num="20" count="9" type="stmt"/>
        <line num="21" count="9" type="stmt"/>
        <line num="22" count="9" type="stmt"/>
        <line num="23" count="9" type="stmt"/>
        <line num="24" count="9" type="stmt"/>
        <line num="25" count="9" type="stmt"/>
        <line num="26" count="9" type="stmt"/>
        <line num="27" count="9" type="stmt"/>
        <line num="29" count="9" type="cond" truecount="2" falsecount="0"/>
        <line num="30" count="9" type="stmt"/>
        <line num="31" count="9" type="stmt"/>
        <line num="32" count="9" type="stmt"/>
        <line num="36" count="9" type="stmt"/>
      </file>
    </package>
  </project>
</coverage>
